Using pre-set license
Built from '2022.3/staging' branch; Version is '2022.3.45f1 (a13dfa44d684) revision 10567162'; Using compiler version '192829333'; Build Type 'Release'
OS: 'Windows 11  (10.0.22631) 64bit CoreSingleLanguage' Language: 'en' Physical Memory: 16139 MB
BatchMode: 1, IsHumanControllingUs: 0, StartBugReporterOnCrash: 0, Is64bit: 1, IsPro: 1

COMMAND LINE ARGUMENTS:
C:\Program Files\Unity\Hub\Editor\2022.3.45f1\Editor\Unity.exe
-adb2
-batchMode
-noUpm
-name
AssetImportWorker1
-projectPath
C:/Unity Projects/Alter Test Project
-logFile
Logs/AssetImportWorker1.log
-srvPort
50508
Successfully changed project path to: C:/Unity Projects/Alter Test Project
C:/Unity Projects/Alter Test Project
[UnityMemory] Configuration Parameters - Can be set up in boot.config
    "memorysetup-bucket-allocator-granularity=16"
    "memorysetup-bucket-allocator-bucket-count=8"
    "memorysetup-bucket-allocator-block-size=33554432"
    "memorysetup-bucket-allocator-block-count=8"
    "memorysetup-main-allocator-block-size=16777216"
    "memorysetup-thread-allocator-block-size=16777216"
    "memorysetup-gfx-main-allocator-block-size=16777216"
    "memorysetup-gfx-thread-allocator-block-size=16777216"
    "memorysetup-cache-allocator-block-size=4194304"
    "memorysetup-typetree-allocator-block-size=2097152"
    "memorysetup-profiler-bucket-allocator-granularity=16"
    "memorysetup-profiler-bucket-allocator-bucket-count=8"
    "memorysetup-profiler-bucket-allocator-block-size=33554432"
    "memorysetup-profiler-bucket-allocator-block-count=8"
    "memorysetup-profiler-allocator-block-size=16777216"
    "memorysetup-profiler-editor-allocator-block-size=1048576"
    "memorysetup-temp-allocator-size-main=16777216"
    "memorysetup-job-temp-allocator-block-size=2097152"
    "memorysetup-job-temp-allocator-block-size-background=1048576"
    "memorysetup-job-temp-allocator-reduction-small-platforms=262144"
    "memorysetup-allocator-temp-initial-block-size-main=262144"
    "memorysetup-allocator-temp-initial-block-size-worker=262144"
    "memorysetup-temp-allocator-size-background-worker=32768"
    "memorysetup-temp-allocator-size-job-worker=262144"
    "memorysetup-temp-allocator-size-preload-manager=33554432"
    "memorysetup-temp-allocator-size-nav-mesh-worker=65536"
    "memorysetup-temp-allocator-size-audio-worker=65536"
    "memorysetup-temp-allocator-size-cloud-worker=32768"
    "memorysetup-temp-allocator-size-gi-baking-worker=262144"
    "memorysetup-temp-allocator-size-gfx=262144"
Player connection [19460]  Target information:

Player connection [19460]  * "[IP] 192.168.29.90 [Port] 0 [Flags] 2 [Guid] 131306809 [EditorId] 131306809 [Version] 1048832 [Id] WindowsEditor(7,Saga) [Debug] 1 [PackageName] WindowsEditor [ProjectName] Editor" 

Player connection [19460] Host joined multi-casting on [225.0.0.222:54997]...
Player connection [19460] Host joined alternative multi-casting on [225.0.0.222:34997]...
[PhysX] Initialized MultithreadedTaskDispatcher with 20 workers.
Refreshing native plugins compatible for Editor in 7.01 ms, found 3 plugins.
Preloading 0 native plugins for Editor in 0.00 ms.
Initialize engine version: 2022.3.45f1 (a13dfa44d684)
[Subsystems] Discovering subsystems at path C:/Program Files/Unity/Hub/Editor/2022.3.45f1/Editor/Data/Resources/UnitySubsystems
[Subsystems] Discovering subsystems at path C:/Unity Projects/Alter Test Project/Assets
GfxDevice: creating device client; threaded=0; jobified=0
Direct3D:
    Version:  Direct3D 11.0 [level 11.1]
    Renderer: NVIDIA GeForce RTX 3060 Ti (ID=0x2489)
    Vendor:   NVIDIA
    VRAM:     8024 MB
    Driver:   31.0.15.5134
Initialize mono
Mono path[0] = 'C:/Program Files/Unity/Hub/Editor/2022.3.45f1/Editor/Data/Managed'
Mono path[1] = 'C:/Program Files/Unity/Hub/Editor/2022.3.45f1/Editor/Data/MonoBleedingEdge/lib/mono/unityjit-win32'
Mono config path = 'C:/Program Files/Unity/Hub/Editor/2022.3.45f1/Editor/Data/MonoBleedingEdge/etc'
Using monoOptions --debugger-agent=transport=dt_socket,embedding=1,server=y,suspend=n,address=127.0.0.1:56460
Begin MonoManager ReloadAssembly
Registering precompiled unity dll's ...
Register platform support module: C:/Program Files/Unity/Hub/Editor/2022.3.45f1/Editor/Data/PlaybackEngines/AndroidPlayer/UnityEditor.Android.Extensions.dll
Register platform support module: C:/Program Files/Unity/Hub/Editor/2022.3.45f1/Editor/Data/PlaybackEngines/WindowsStandaloneSupport/UnityEditor.WindowsStandalone.Extensions.dll
Registered in 0.005740 seconds.
- Loaded All Assemblies, in  0.251 seconds
Native extension for WindowsStandalone target not found
Native extension for Android target not found
Android Extension - Scanning For ADB Devices 1195 ms
Mono: successfully reloaded assembly
- Finished resetting the current domain, in  1.425 seconds
Domain Reload Profiling: 1675ms
	BeginReloadAssembly (76ms)
		ExecutionOrderSort (0ms)
		DisableScriptedObjects (0ms)
		BackupInstance (0ms)
		ReleaseScriptingObjects (0ms)
		CreateAndSetChildDomain (1ms)
	RebuildCommonClasses (22ms)
	RebuildNativeTypeToScriptingClass (7ms)
	initialDomainReloadingComplete (41ms)
	LoadAllAssembliesAndSetupDomain (104ms)
		LoadAssemblies (75ms)
		RebuildTransferFunctionScriptingTraits (0ms)
		AnalyzeDomain (102ms)
			TypeCache.Refresh (101ms)
				TypeCache.ScanAssembly (92ms)
			ScanForSourceGeneratedMonoScriptInfo (0ms)
			ResolveRequiredComponents (0ms)
	FinalizeReload (1425ms)
		ReleaseScriptCaches (0ms)
		RebuildScriptCaches (0ms)
		SetupLoadedEditorAssemblies (1391ms)
			LogAssemblyErrors (0ms)
			InitializePlatformSupportModulesInManaged (1255ms)
			SetLoadedEditorAssemblies (3ms)
			RefreshPlugins (0ms)
			BeforeProcessingInitializeOnLoad (2ms)
			ProcessInitializeOnLoadAttributes (94ms)
			ProcessInitializeOnLoadMethodAttributes (37ms)
			AfterProcessingInitializeOnLoad (0ms)
			EditorAssembliesLoaded (0ms)
		ExecutionOrderSort2 (0ms)
		AwakeInstancesAfterBackupRestoration (0ms)
========================================================================
Worker process is ready to serve import requests
Caller must complete domain reload
Begin MonoManager ReloadAssembly
- Loaded All Assemblies, in  0.517 seconds
Native extension for WindowsStandalone target not found
Native extension for Android target not found
Package Manager log level set to [2]
[Package Manager] Server::EnsureServerProcessIsRunning -- launch failed, reason: Unity was launched with the -noUpm command-line argument
[Package Manager] UpmClient::Send -- Unable to send message (not connected to UPM process).
[Package Manager] Cannot connect to Unity Package Manager local server
Mono: successfully reloaded assembly
- Finished resetting the current domain, in  0.711 seconds
Domain Reload Profiling: 1226ms
	BeginReloadAssembly (108ms)
		ExecutionOrderSort (0ms)
		DisableScriptedObjects (4ms)
		BackupInstance (0ms)
		ReleaseScriptingObjects (0ms)
		CreateAndSetChildDomain (16ms)
	RebuildCommonClasses (24ms)
	RebuildNativeTypeToScriptingClass (7ms)
	initialDomainReloadingComplete (33ms)
	LoadAllAssembliesAndSetupDomain (342ms)
		LoadAssemblies (234ms)
		RebuildTransferFunctionScriptingTraits (0ms)
		AnalyzeDomain (170ms)
			TypeCache.Refresh (141ms)
				TypeCache.ScanAssembly (127ms)
			ScanForSourceGeneratedMonoScriptInfo (20ms)
			ResolveRequiredComponents (8ms)
	FinalizeReload (712ms)
		ReleaseScriptCaches (0ms)
		RebuildScriptCaches (0ms)
		SetupLoadedEditorAssemblies (575ms)
			LogAssemblyErrors (0ms)
			InitializePlatformSupportModulesInManaged (15ms)
			SetLoadedEditorAssemblies (3ms)
			RefreshPlugins (0ms)
			BeforeProcessingInitializeOnLoad (55ms)
			ProcessInitializeOnLoadAttributes (452ms)
			ProcessInitializeOnLoadMethodAttributes (44ms)
			AfterProcessingInitializeOnLoad (6ms)
			EditorAssembliesLoaded (0ms)
		ExecutionOrderSort2 (0ms)
		AwakeInstancesAfterBackupRestoration (4ms)
Launched and connected shader compiler UnityShaderCompiler.exe after 0.02 seconds
Refreshing native plugins compatible for Editor in 2.65 ms, found 3 plugins.
Preloading 0 native plugins for Editor in 0.00 ms.
Unloading 5519 Unused Serialized files (Serialized files now loaded: 0)
Unloading 25 unused Assets / (1.1 MB). Loaded Objects now: 5984.
Memory consumption went from 217.7 MB to 216.6 MB.
Total: 3.218500 ms (FindLiveObjects: 0.266000 ms CreateObjectMapping: 0.144200 ms MarkObjects: 2.632200 ms  DeleteObjects: 0.174700 ms)

AssetImportParameters requested are different than current active one (requested -> active):
  custom:container-demuxer-ogg: 62fdf1f143b41e24485cea50d1cbac27 -> 
  custom:video-decoder-ogg-theora: a1e56fd34408186e4bbccfd4996cb3dc -> 
  custom:framework-win-MediaFoundation: 216162199b28c13a410421893ffa2e32 -> 
  custom:CustomObjectIndexerAttribute: 72b91833f83ae208fae7752999fa3104 -> 
  custom:container-demuxer-webm: 4f35f7cbe854078d1ac9338744f61a02 -> 
  custom:container-muxer-webm: aa71ff27fc2769a1b78a27578f13a17b -> 
  custom:video-decoder-webm-vp8: 9c59270c3fd7afecdb556c50c9e8de78 -> 
  custom:SearchIndexIgnoredProperties: e643bd26f0fe6173181afceb89e7c659 -> 
  custom:AudioImporter_EditorPlatform: d09bf68614088b80899f8185d706f6e7 -> 
  custom:video-encoder-webm-vp8: eb34c28f22e8b96e1ab97ce403110664 -> 
  custom:audio-decoder-ogg-vorbis: bf7c407c2cedff20999df2af8eb42d56 -> 
  custom:audio-encoder-webm-vorbis: bf7c407c2cedff20999df2af8eb42d56 -> 
========================================================================
Received Import Request.
  Time since last request: 2280.040099 seconds.
  path: Assets/fire.vfx
  artifactKey: Guid(c300a1a4e66f85e4bb06503f9c55dc4e) Importer(815301076,1909f56bfc062723c751e8b465ee728b)
Start importing Assets/fire.vfx using Guid(c300a1a4e66f85e4bb06503f9c55dc4e) Importer(815301076,1909f56bfc062723c751e8b465ee728b) [PhysX] Initialized MultithreadedTaskDispatcher with 20 workers.
 -> (artifact id: 'e5b4e812e1454d5e7df086bef61d352e') in 0.026540 seconds
Number of updated asset objects reloaded before import = 1
Number of asset objects unloaded after import = 5
========================================================================
Received Import Request.
  Time since last request: 47.284886 seconds.
  path: Assets/fire.vfx
  artifactKey: Guid(c300a1a4e66f85e4bb06503f9c55dc4e) Importer(815301076,1909f56bfc062723c751e8b465ee728b)
Start importing Assets/fire.vfx using Guid(c300a1a4e66f85e4bb06503f9c55dc4e) Importer(815301076,1909f56bfc062723c751e8b465ee728b) [PhysX] Initialized MultithreadedTaskDispatcher with 20 workers.
 -> (artifact id: '7328ab0e06e3712d4dadb287517ec536') in 0.002134 seconds
Number of updated asset objects reloaded before import = 1
Number of asset objects unloaded after import = 5
========================================================================
Received Import Request.
  Time since last request: 1045.312896 seconds.
  path: Assets/fire.vfx
  artifactKey: Guid(c300a1a4e66f85e4bb06503f9c55dc4e) Importer(815301076,1909f56bfc062723c751e8b465ee728b)
Start importing Assets/fire.vfx using Guid(c300a1a4e66f85e4bb06503f9c55dc4e) Importer(815301076,1909f56bfc062723c751e8b465ee728b) [PhysX] Initialized MultithreadedTaskDispatcher with 20 workers.
 -> (artifact id: '75485b8985826c47180332ad7f463a7e') in 0.004366 seconds
Number of updated asset objects reloaded before import = 2
Number of asset objects unloaded after import = 5
========================================================================
Received Import Request.
  Time since last request: 478.251879 seconds.
  path: Assets/iceimg.png
  artifactKey: Guid(bceda285aab2e1444b3f142df7ac87f7) Importer(815301076,1909f56bfc062723c751e8b465ee728b)
Start importing Assets/iceimg.png using Guid(bceda285aab2e1444b3f142df7ac87f7) Importer(815301076,1909f56bfc062723c751e8b465ee728b) [PhysX] Initialized MultithreadedTaskDispatcher with 20 workers.
[PhysX] Initialized MultithreadedTaskDispatcher with 20 workers.
 -> (artifact id: '193ffce85b034432cc33b91073f88675') in 0.043291 seconds
Number of updated asset objects reloaded before import = 1
Number of asset objects unloaded after import = 2
========================================================================
Received Import Request.
  Time since last request: 1575.702359 seconds.
  path: Assets/Glove.shadergraph
  artifactKey: Guid(711920e99ec09704e944aa86c20897ee) Importer(815301076,1909f56bfc062723c751e8b465ee728b)
Start importing Assets/Glove.shadergraph using Guid(711920e99ec09704e944aa86c20897ee) Importer(815301076,1909f56bfc062723c751e8b465ee728b) [PhysX] Initialized MultithreadedTaskDispatcher with 20 workers.
[PhysX] Initialized MultithreadedTaskDispatcher with 20 workers.
 -> (artifact id: 'ffbf233d527419536d1764a671476130') in 1.084536 seconds
Number of updated asset objects reloaded before import = 2
Number of asset objects unloaded after import = 21
========================================================================
Received Prepare
Refreshing native plugins compatible for Editor in 13.51 ms, found 3 plugins.
Preloading 0 native plugins for Editor in 0.00 ms.
Unloading 3 Unused Serialized files (Serialized files now loaded: 0)
Unloading 3 unused Assets / (1.2 MB). Loaded Objects now: 6121.
Memory consumption went from 109.2 MB to 108.0 MB.
Total: 31.570600 ms (FindLiveObjects: 0.652500 ms CreateObjectMapping: 0.322200 ms MarkObjects: 30.416700 ms  DeleteObjects: 0.176700 ms)


=================================================================
	Native Crash Reporting
=================================================================
Got a UNKNOWN while executing native code. This usually indicates
a fatal error in the mono runtime or one of the native libraries 
used by your application.
=================================================================

=================================================================
	Managed Stacktrace:
=================================================================
=================================================================
Received signal SIGSEGV
Obtained 27 stack frames
0x00007ff7989beb53 (Unity) keywords::KeywordRemap::Init
0x00007ff7989c261a (Unity) ShaderLab::IntShader::CreateKeywordRemap
0x00007ff7989c5035 (Unity) ShaderLab::IntShader::ResolveFallback
0x00007ff79899334f (Unity) ShaderFromSerializedShaderMainThread
0x00007ff79a417cd0 (Unity) Shader::CreateFromParsedForm
0x00007ff79a416b30 (Unity) Shader::AwakeFromLoad
0x00007ff798cc99dd (Unity) AwakeFromLoadQueue::InvokePersistentManagerAwake
0x00007ff798cca9b1 (Unity) AwakeFromLoadQueue::PersistentManagerSingleQueueAwakeFromLoad
0x00007ff798cca620 (Unity) AwakeFromLoadQueue::PersistentManagerAwakeFromLoad_NoChecks
0x00007ff798c9ca0f (Unity) PersistentManager::IntegrateAllThreadedObjects
0x00007ff798c9d210 (Unity) PersistentManager::LoadAndIntegrateAllPreallocatedObjects
0x00007ff798c9e0fb (Unity) PersistentManager::LoadObjects
0x00007ff79a0cd820 (Unity) ReloadAssetIfLoaded
0x00007ff79a094e36 (Unity) ReloadUpdatedAssets
0x00007ff79a0888be (Unity) <lambda_b37b41f03089e3cb3f55061bbc93253d>::operator()
0x00007ff79a0c4002 (Unity) asio::detail::completion_handler<core::mutable_function<void __cdecl(void)>,asio::io_context::basic_executor_type<std::allocator<void>,0> >::do_complete
0x00007ff79a0affae (Unity) asio::detail::win_iocp_io_context::do_one
0x00007ff79a0b1c14 (Unity) asio::detail::win_iocp_io_context::run
0x00007ff79a0c23ac (Unity) IOService::Run
0x00007ff79a09582f (Unity) AssetImportWorkerClient::Run
0x00007ff79a061197 (Unity) RunAssetImportWorkerClientV2
0x00007ff79a06121b (Unity) RunAssetImporterV2
0x00007ff79985aa4e (Unity) Application::InitializeProject
0x00007ff799cedb45 (Unity) WinMain
0x00007ff79b09f93e (Unity) __scrt_common_main_seh
0x00007fff6e68257d (KERNEL32) BaseThreadInitThunk
0x00007fff6ff8af28 (ntdll) RtlUserThreadStart

