Using pre-set license
Built from '2022.3/staging' branch; Version is '2022.3.45f1 (a13dfa44d684) revision 10567162'; Using compiler version '192829333'; Build Type 'Release'
OS: 'Windows 11  (10.0.22631) 64bit CoreSingleLanguage' Language: 'en' Physical Memory: 16139 MB
BatchMode: 1, IsHumanControllingUs: 0, StartBugReporterOnCrash: 0, Is64bit: 1, IsPro: 1

COMMAND LINE ARGUMENTS:
C:\Program Files\Unity\Hub\Editor\2022.3.45f1\Editor\Unity.exe
-adb2
-batchMode
-noUpm
-name
AssetImportWorker0
-projectPath
C:/Unity Projects/Alter Test Project
-logFile
Logs/AssetImportWorker0.log
-srvPort
50508
Successfully changed project path to: C:/Unity Projects/Alter Test Project
C:/Unity Projects/Alter Test Project
[UnityMemory] Configuration Parameters - Can be set up in boot.config
    "memorysetup-bucket-allocator-granularity=16"
    "memorysetup-bucket-allocator-bucket-count=8"
    "memorysetup-bucket-allocator-block-size=33554432"
    "memorysetup-bucket-allocator-block-count=8"
    "memorysetup-main-allocator-block-size=16777216"
    "memorysetup-thread-allocator-block-size=16777216"
    "memorysetup-gfx-main-allocator-block-size=16777216"
    "memorysetup-gfx-thread-allocator-block-size=16777216"
    "memorysetup-cache-allocator-block-size=4194304"
    "memorysetup-typetree-allocator-block-size=2097152"
    "memorysetup-profiler-bucket-allocator-granularity=16"
    "memorysetup-profiler-bucket-allocator-bucket-count=8"
    "memorysetup-profiler-bucket-allocator-block-size=33554432"
    "memorysetup-profiler-bucket-allocator-block-count=8"
    "memorysetup-profiler-allocator-block-size=16777216"
    "memorysetup-profiler-editor-allocator-block-size=1048576"
    "memorysetup-temp-allocator-size-main=16777216"
    "memorysetup-job-temp-allocator-block-size=2097152"
    "memorysetup-job-temp-allocator-block-size-background=1048576"
    "memorysetup-job-temp-allocator-reduction-small-platforms=262144"
    "memorysetup-allocator-temp-initial-block-size-main=262144"
    "memorysetup-allocator-temp-initial-block-size-worker=262144"
    "memorysetup-temp-allocator-size-background-worker=32768"
    "memorysetup-temp-allocator-size-job-worker=262144"
    "memorysetup-temp-allocator-size-preload-manager=33554432"
    "memorysetup-temp-allocator-size-nav-mesh-worker=65536"
    "memorysetup-temp-allocator-size-audio-worker=65536"
    "memorysetup-temp-allocator-size-cloud-worker=32768"
    "memorysetup-temp-allocator-size-gi-baking-worker=262144"
    "memorysetup-temp-allocator-size-gfx=262144"
Player connection [18536]  Target information:

Player connection [18536]  * "[IP] 192.168.29.90 [Port] 0 [Flags] 2 [Guid] 337983076 [EditorId] 337983076 [Version] 1048832 [Id] WindowsEditor(7,Saga) [Debug] 1 [PackageName] WindowsEditor [ProjectName] Editor" 

Player connection [18536] Host joined multi-casting on [225.0.0.222:54997]...
Player connection [18536] Host joined alternative multi-casting on [225.0.0.222:34997]...
[PhysX] Initialized MultithreadedTaskDispatcher with 20 workers.
Refreshing native plugins compatible for Editor in 8.05 ms, found 3 plugins.
Preloading 0 native plugins for Editor in 0.00 ms.
Initialize engine version: 2022.3.45f1 (a13dfa44d684)
[Subsystems] Discovering subsystems at path C:/Program Files/Unity/Hub/Editor/2022.3.45f1/Editor/Data/Resources/UnitySubsystems
[Subsystems] Discovering subsystems at path C:/Unity Projects/Alter Test Project/Assets
GfxDevice: creating device client; threaded=0; jobified=0
Direct3D:
    Version:  Direct3D 11.0 [level 11.1]
    Renderer: NVIDIA GeForce RTX 3060 Ti (ID=0x2489)
    Vendor:   NVIDIA
    VRAM:     8024 MB
    Driver:   31.0.15.5134
Initialize mono
Mono path[0] = 'C:/Program Files/Unity/Hub/Editor/2022.3.45f1/Editor/Data/Managed'
Mono path[1] = 'C:/Program Files/Unity/Hub/Editor/2022.3.45f1/Editor/Data/MonoBleedingEdge/lib/mono/unityjit-win32'
Mono config path = 'C:/Program Files/Unity/Hub/Editor/2022.3.45f1/Editor/Data/MonoBleedingEdge/etc'
Using monoOptions --debugger-agent=transport=dt_socket,embedding=1,server=y,suspend=n,address=127.0.0.1:56748
Begin MonoManager ReloadAssembly
Registering precompiled unity dll's ...
Register platform support module: C:/Program Files/Unity/Hub/Editor/2022.3.45f1/Editor/Data/PlaybackEngines/AndroidPlayer/UnityEditor.Android.Extensions.dll
Register platform support module: C:/Program Files/Unity/Hub/Editor/2022.3.45f1/Editor/Data/PlaybackEngines/WindowsStandaloneSupport/UnityEditor.WindowsStandalone.Extensions.dll
Registered in 0.005078 seconds.
- Loaded All Assemblies, in  0.242 seconds
Native extension for WindowsStandalone target not found
Native extension for Android target not found
Android Extension - Scanning For ADB Devices 1680 ms
Mono: successfully reloaded assembly
- Finished resetting the current domain, in  1.896 seconds
Domain Reload Profiling: 2137ms
	BeginReloadAssembly (74ms)
		ExecutionOrderSort (0ms)
		DisableScriptedObjects (0ms)
		BackupInstance (0ms)
		ReleaseScriptingObjects (0ms)
		CreateAndSetChildDomain (1ms)
	RebuildCommonClasses (23ms)
	RebuildNativeTypeToScriptingClass (7ms)
	initialDomainReloadingComplete (40ms)
	LoadAllAssembliesAndSetupDomain (97ms)
		LoadAssemblies (73ms)
		RebuildTransferFunctionScriptingTraits (0ms)
		AnalyzeDomain (95ms)
			TypeCache.Refresh (94ms)
				TypeCache.ScanAssembly (86ms)
			ScanForSourceGeneratedMonoScriptInfo (0ms)
			ResolveRequiredComponents (0ms)
	FinalizeReload (1896ms)
		ReleaseScriptCaches (0ms)
		RebuildScriptCaches (0ms)
		SetupLoadedEditorAssemblies (1865ms)
			LogAssemblyErrors (0ms)
			InitializePlatformSupportModulesInManaged (1736ms)
			SetLoadedEditorAssemblies (4ms)
			RefreshPlugins (0ms)
			BeforeProcessingInitializeOnLoad (2ms)
			ProcessInitializeOnLoadAttributes (90ms)
			ProcessInitializeOnLoadMethodAttributes (34ms)
			AfterProcessingInitializeOnLoad (0ms)
			EditorAssembliesLoaded (0ms)
		ExecutionOrderSort2 (0ms)
		AwakeInstancesAfterBackupRestoration (0ms)
========================================================================
Worker process is ready to serve import requests
Caller must complete domain reload
Begin MonoManager ReloadAssembly
- Loaded All Assemblies, in  0.527 seconds
Native extension for WindowsStandalone target not found
Native extension for Android target not found
Package Manager log level set to [2]
[Package Manager] Server::EnsureServerProcessIsRunning -- launch failed, reason: Unity was launched with the -noUpm command-line argument
[Package Manager] UpmClient::Send -- Unable to send message (not connected to UPM process).
[Package Manager] Cannot connect to Unity Package Manager local server
Mono: successfully reloaded assembly
- Finished resetting the current domain, in  0.684 seconds
Domain Reload Profiling: 1210ms
	BeginReloadAssembly (115ms)
		ExecutionOrderSort (0ms)
		DisableScriptedObjects (4ms)
		BackupInstance (0ms)
		ReleaseScriptingObjects (0ms)
		CreateAndSetChildDomain (17ms)
	RebuildCommonClasses (25ms)
	RebuildNativeTypeToScriptingClass (7ms)
	initialDomainReloadingComplete (34ms)
	LoadAllAssembliesAndSetupDomain (344ms)
		LoadAssemblies (244ms)
		RebuildTransferFunctionScriptingTraits (0ms)
		AnalyzeDomain (166ms)
			TypeCache.Refresh (140ms)
				TypeCache.ScanAssembly (127ms)
			ScanForSourceGeneratedMonoScriptInfo (18ms)
			ResolveRequiredComponents (8ms)
	FinalizeReload (685ms)
		ReleaseScriptCaches (0ms)
		RebuildScriptCaches (0ms)
		SetupLoadedEditorAssemblies (551ms)
			LogAssemblyErrors (0ms)
			InitializePlatformSupportModulesInManaged (13ms)
			SetLoadedEditorAssemblies (2ms)
			RefreshPlugins (0ms)
			BeforeProcessingInitializeOnLoad (56ms)
			ProcessInitializeOnLoadAttributes (430ms)
			ProcessInitializeOnLoadMethodAttributes (45ms)
			AfterProcessingInitializeOnLoad (5ms)
			EditorAssembliesLoaded (0ms)
		ExecutionOrderSort2 (0ms)
		AwakeInstancesAfterBackupRestoration (4ms)
Launched and connected shader compiler UnityShaderCompiler.exe after 0.03 seconds
Refreshing native plugins compatible for Editor in 4.35 ms, found 3 plugins.
Preloading 0 native plugins for Editor in 0.00 ms.
Unloading 5519 Unused Serialized files (Serialized files now loaded: 0)
Unloading 25 unused Assets / (1.1 MB). Loaded Objects now: 5984.
Memory consumption went from 217.9 MB to 216.8 MB.
Total: 3.190300 ms (FindLiveObjects: 0.304900 ms CreateObjectMapping: 0.166000 ms MarkObjects: 2.527800 ms  DeleteObjects: 0.189900 ms)

AssetImportParameters requested are different than current active one (requested -> active):
  custom:container-demuxer-ogg: 62fdf1f143b41e24485cea50d1cbac27 -> 
  custom:video-decoder-ogg-theora: a1e56fd34408186e4bbccfd4996cb3dc -> 
  custom:framework-win-MediaFoundation: 216162199b28c13a410421893ffa2e32 -> 
  custom:CustomObjectIndexerAttribute: 72b91833f83ae208fae7752999fa3104 -> 
  custom:container-demuxer-webm: 4f35f7cbe854078d1ac9338744f61a02 -> 
  custom:container-muxer-webm: aa71ff27fc2769a1b78a27578f13a17b -> 
  custom:video-decoder-webm-vp8: 9c59270c3fd7afecdb556c50c9e8de78 -> 
  custom:SearchIndexIgnoredProperties: e643bd26f0fe6173181afceb89e7c659 -> 
  custom:AudioImporter_EditorPlatform: d09bf68614088b80899f8185d706f6e7 -> 
  custom:video-encoder-webm-vp8: eb34c28f22e8b96e1ab97ce403110664 -> 
  custom:audio-decoder-ogg-vorbis: bf7c407c2cedff20999df2af8eb42d56 -> 
  custom:audio-encoder-webm-vorbis: bf7c407c2cedff20999df2af8eb42d56 -> 
========================================================================
Received Import Request.
  Time since last request: 994.874861 seconds.
  path: Assets/Shader Graphs_FlameGlove.mat
  artifactKey: Guid(dba6d1eec085f9a44947b8a5abea8d6b) Importer(815301076,1909f56bfc062723c751e8b465ee728b)
Start importing Assets/Shader Graphs_FlameGlove.mat using Guid(dba6d1eec085f9a44947b8a5abea8d6b) Importer(815301076,1909f56bfc062723c751e8b465ee728b) [PhysX] Initialized MultithreadedTaskDispatcher with 20 workers.
[PhysX] Initialized MultithreadedTaskDispatcher with 20 workers.
 -> (artifact id: '17159e63944dbaa7143021c20847804e') in 0.290450 seconds
Number of updated asset objects reloaded before import = 0
Number of asset objects unloaded after import = 21
========================================================================
Received Import Request.
  Time since last request: 113.655420 seconds.
  path: Assets/fireimg.png
  artifactKey: Guid(bc1f2c1d15d1e4148a40d2d101aa7522) Importer(815301076,1909f56bfc062723c751e8b465ee728b)
Start importing Assets/fireimg.png using Guid(bc1f2c1d15d1e4148a40d2d101aa7522) Importer(815301076,1909f56bfc062723c751e8b465ee728b) [PhysX] Initialized MultithreadedTaskDispatcher with 20 workers.
[PhysX] Initialized MultithreadedTaskDispatcher with 20 workers.
 -> (artifact id: '0a2e5edf97dcf3185796ddd70c8525db') in 0.019338 seconds
Number of updated asset objects reloaded before import = 0
Number of asset objects unloaded after import = 2
========================================================================
Received Import Request.
  Time since last request: 22.434906 seconds.
  path: Assets/fire.vfx
  artifactKey: Guid(c300a1a4e66f85e4bb06503f9c55dc4e) Importer(815301076,1909f56bfc062723c751e8b465ee728b)
Start importing Assets/fire.vfx using Guid(c300a1a4e66f85e4bb06503f9c55dc4e) Importer(815301076,1909f56bfc062723c751e8b465ee728b) [PhysX] Initialized MultithreadedTaskDispatcher with 20 workers.
 -> (artifact id: 'b01a6d444d7331c24fd553be6514916d') in 0.003292 seconds
Number of updated asset objects reloaded before import = 1
Number of asset objects unloaded after import = 5
========================================================================
Received Import Request.
  Time since last request: 86.888736 seconds.
  path: Assets/FlameGlove.shadergraph
  artifactKey: Guid(711920e99ec09704e944aa86c20897ee) Importer(815301076,1909f56bfc062723c751e8b465ee728b)
Start importing Assets/FlameGlove.shadergraph using Guid(711920e99ec09704e944aa86c20897ee) Importer(815301076,1909f56bfc062723c751e8b465ee728b) [PhysX] Initialized MultithreadedTaskDispatcher with 20 workers.
[PhysX] Initialized MultithreadedTaskDispatcher with 20 workers.
 -> (artifact id: 'd6d92bc6b9117687204d74f608fab8ee') in 0.011028 seconds
Number of updated asset objects reloaded before import = 0
Number of asset objects unloaded after import = 2
========================================================================
Received Import Request.
  Time since last request: 99.557486 seconds.
  path: Assets/fire.vfx
  artifactKey: Guid(c300a1a4e66f85e4bb06503f9c55dc4e) Importer(815301076,1909f56bfc062723c751e8b465ee728b)
Start importing Assets/fire.vfx using Guid(c300a1a4e66f85e4bb06503f9c55dc4e) Importer(815301076,1909f56bfc062723c751e8b465ee728b) [PhysX] Initialized MultithreadedTaskDispatcher with 20 workers.
 -> (artifact id: '4f334fb83720bb3615f986fc8fe8c233') in 0.002077 seconds
Number of updated asset objects reloaded before import = 1
Number of asset objects unloaded after import = 5
========================================================================
Received Import Request.
  Time since last request: 20.292017 seconds.
  path: Assets/fire.vfx
  artifactKey: Guid(c300a1a4e66f85e4bb06503f9c55dc4e) Importer(815301076,1909f56bfc062723c751e8b465ee728b)
Start importing Assets/fire.vfx using Guid(c300a1a4e66f85e4bb06503f9c55dc4e) Importer(815301076,1909f56bfc062723c751e8b465ee728b) [PhysX] Initialized MultithreadedTaskDispatcher with 20 workers.
 -> (artifact id: '016acd77db612509055040580962234d') in 0.002193 seconds
Number of updated asset objects reloaded before import = 1
Number of asset objects unloaded after import = 5
========================================================================
Received Import Request.
  Time since last request: 39.228746 seconds.
  path: Assets/fire.vfx
  artifactKey: Guid(c300a1a4e66f85e4bb06503f9c55dc4e) Importer(815301076,1909f56bfc062723c751e8b465ee728b)
Start importing Assets/fire.vfx using Guid(c300a1a4e66f85e4bb06503f9c55dc4e) Importer(815301076,1909f56bfc062723c751e8b465ee728b) [PhysX] Initialized MultithreadedTaskDispatcher with 20 workers.
 -> (artifact id: '802db7e0d6c2ec5a7e8f952d075a867b') in 0.002374 seconds
Number of updated asset objects reloaded before import = 1
Number of asset objects unloaded after import = 5
========================================================================
Received Import Request.
  Time since last request: 212.650582 seconds.
  path: Assets/fire.vfx
  artifactKey: Guid(c300a1a4e66f85e4bb06503f9c55dc4e) Importer(815301076,1909f56bfc062723c751e8b465ee728b)
Start importing Assets/fire.vfx using Guid(c300a1a4e66f85e4bb06503f9c55dc4e) Importer(815301076,1909f56bfc062723c751e8b465ee728b) [PhysX] Initialized MultithreadedTaskDispatcher with 20 workers.
 -> (artifact id: 'ebc32775e860c0310131a1966dbb10c4') in 0.003916 seconds
Number of updated asset objects reloaded before import = 1
Number of asset objects unloaded after import = 5
========================================================================
Received Import Request.
  Time since last request: 35.740335 seconds.
  path: Assets/fire.vfx
  artifactKey: Guid(c300a1a4e66f85e4bb06503f9c55dc4e) Importer(815301076,1909f56bfc062723c751e8b465ee728b)
Start importing Assets/fire.vfx using Guid(c300a1a4e66f85e4bb06503f9c55dc4e) Importer(815301076,1909f56bfc062723c751e8b465ee728b) [PhysX] Initialized MultithreadedTaskDispatcher with 20 workers.
 -> (artifact id: 'c3b84ac5837e089bc8f45889b7b9d322') in 0.003062 seconds
Number of updated asset objects reloaded before import = 1
Number of asset objects unloaded after import = 5
========================================================================
Received Import Request.
  Time since last request: 17.261538 seconds.
  path: Assets/fire.vfx
  artifactKey: Guid(c300a1a4e66f85e4bb06503f9c55dc4e) Importer(815301076,1909f56bfc062723c751e8b465ee728b)
Start importing Assets/fire.vfx using Guid(c300a1a4e66f85e4bb06503f9c55dc4e) Importer(815301076,1909f56bfc062723c751e8b465ee728b) [PhysX] Initialized MultithreadedTaskDispatcher with 20 workers.
 -> (artifact id: '09031144b325badedf4d9ec0b2c1a9d1') in 0.002598 seconds
Number of updated asset objects reloaded before import = 1
Number of asset objects unloaded after import = 5
========================================================================
Received Import Request.
  Time since last request: 3.446902 seconds.
  path: Assets/fire.vfx
  artifactKey: Guid(c300a1a4e66f85e4bb06503f9c55dc4e) Importer(815301076,1909f56bfc062723c751e8b465ee728b)
Start importing Assets/fire.vfx using Guid(c300a1a4e66f85e4bb06503f9c55dc4e) Importer(815301076,1909f56bfc062723c751e8b465ee728b) [PhysX] Initialized MultithreadedTaskDispatcher with 20 workers.
 -> (artifact id: '9c40967cb108e45d44fc14909c4fc849') in 0.002657 seconds
Number of updated asset objects reloaded before import = 1
Number of asset objects unloaded after import = 5
========================================================================
Received Import Request.
  Time since last request: 97.933640 seconds.
  path: Assets/Fire.shadergraph
  artifactKey: Guid(7a4890146337f6440b8958ced499a78e) Importer(815301076,1909f56bfc062723c751e8b465ee728b)
Start importing Assets/Fire.shadergraph using Guid(7a4890146337f6440b8958ced499a78e) Importer(815301076,1909f56bfc062723c751e8b465ee728b) [PhysX] Initialized MultithreadedTaskDispatcher with 20 workers.
 -> (artifact id: 'd4417849d90df87adb004e16bc119db1') in 0.003877 seconds
Number of updated asset objects reloaded before import = 1
Number of asset objects unloaded after import = 1
========================================================================
Received Import Request.
  Time since last request: 51.001681 seconds.
  path: Assets/Fire.shadergraph
  artifactKey: Guid(7a4890146337f6440b8958ced499a78e) Importer(815301076,1909f56bfc062723c751e8b465ee728b)
Start importing Assets/Fire.shadergraph using Guid(7a4890146337f6440b8958ced499a78e) Importer(815301076,1909f56bfc062723c751e8b465ee728b) [PhysX] Initialized MultithreadedTaskDispatcher with 20 workers.
 -> (artifact id: 'e10a9e8d114ed7d28386c1270cca1b84') in 0.002101 seconds
Number of updated asset objects reloaded before import = 1
Number of asset objects unloaded after import = 1
========================================================================
Received Import Request.
  Time since last request: 33.152493 seconds.
  path: Assets/Fire.shadergraph
  artifactKey: Guid(7a4890146337f6440b8958ced499a78e) Importer(815301076,1909f56bfc062723c751e8b465ee728b)
Start importing Assets/Fire.shadergraph using Guid(7a4890146337f6440b8958ced499a78e) Importer(815301076,1909f56bfc062723c751e8b465ee728b) [PhysX] Initialized MultithreadedTaskDispatcher with 20 workers.
 -> (artifact id: '943a695f39d7595abe91f7cf76a962a0') in 0.001041 seconds
Number of updated asset objects reloaded before import = 1
Number of asset objects unloaded after import = 1
========================================================================
Received Import Request.
  Time since last request: 17.236727 seconds.
  path: Assets/Fire.shadergraph
  artifactKey: Guid(7a4890146337f6440b8958ced499a78e) Importer(815301076,1909f56bfc062723c751e8b465ee728b)
Start importing Assets/Fire.shadergraph using Guid(7a4890146337f6440b8958ced499a78e) Importer(815301076,1909f56bfc062723c751e8b465ee728b) [PhysX] Initialized MultithreadedTaskDispatcher with 20 workers.
 -> (artifact id: '1e86914ef17969d722d966973aa5255a') in 0.001438 seconds
Number of updated asset objects reloaded before import = 1
Number of asset objects unloaded after import = 1
========================================================================
Received Import Request.
  Time since last request: 11.158558 seconds.
  path: Assets/Fire.shadergraph
  artifactKey: Guid(7a4890146337f6440b8958ced499a78e) Importer(815301076,1909f56bfc062723c751e8b465ee728b)
Start importing Assets/Fire.shadergraph using Guid(7a4890146337f6440b8958ced499a78e) Importer(815301076,1909f56bfc062723c751e8b465ee728b) [PhysX] Initialized MultithreadedTaskDispatcher with 20 workers.
 -> (artifact id: 'deded0bc948feb3bf75b0cf60cd59cc0') in 0.001183 seconds
Number of updated asset objects reloaded before import = 1
Number of asset objects unloaded after import = 1
========================================================================
Received Import Request.
  Time since last request: 82.701703 seconds.
  path: Assets/fire.vfx
  artifactKey: Guid(c300a1a4e66f85e4bb06503f9c55dc4e) Importer(815301076,1909f56bfc062723c751e8b465ee728b)
Start importing Assets/fire.vfx using Guid(c300a1a4e66f85e4bb06503f9c55dc4e) Importer(815301076,1909f56bfc062723c751e8b465ee728b) [PhysX] Initialized MultithreadedTaskDispatcher with 20 workers.
 -> (artifact id: '4850b01e2b8936c8f70c24b2881daa57') in 0.003917 seconds
Number of updated asset objects reloaded before import = 0
Number of asset objects unloaded after import = 5
========================================================================
Received Import Request.
  Time since last request: 167.576686 seconds.
  path: Assets/fire.vfx
  artifactKey: Guid(c300a1a4e66f85e4bb06503f9c55dc4e) Importer(815301076,1909f56bfc062723c751e8b465ee728b)
Start importing Assets/fire.vfx using Guid(c300a1a4e66f85e4bb06503f9c55dc4e) Importer(815301076,1909f56bfc062723c751e8b465ee728b) [PhysX] Initialized MultithreadedTaskDispatcher with 20 workers.
 -> (artifact id: 'e28711f37fb85cba98322a84609b942b') in 0.002833 seconds
Number of updated asset objects reloaded before import = 1
Number of asset objects unloaded after import = 5
========================================================================
Received Import Request.
  Time since last request: 2.998432 seconds.
  path: Assets/fire.vfx
  artifactKey: Guid(c300a1a4e66f85e4bb06503f9c55dc4e) Importer(815301076,1909f56bfc062723c751e8b465ee728b)
Start importing Assets/fire.vfx using Guid(c300a1a4e66f85e4bb06503f9c55dc4e) Importer(815301076,1909f56bfc062723c751e8b465ee728b) [PhysX] Initialized MultithreadedTaskDispatcher with 20 workers.
 -> (artifact id: 'f03cce560004bf3e459f3b2a2de32b4b') in 0.003243 seconds
Number of updated asset objects reloaded before import = 1
Number of asset objects unloaded after import = 5
========================================================================
Received Import Request.
  Time since last request: 103.356900 seconds.
  path: Assets/fire.vfx
  artifactKey: Guid(c300a1a4e66f85e4bb06503f9c55dc4e) Importer(815301076,1909f56bfc062723c751e8b465ee728b)
Start importing Assets/fire.vfx using Guid(c300a1a4e66f85e4bb06503f9c55dc4e) Importer(815301076,1909f56bfc062723c751e8b465ee728b) [PhysX] Initialized MultithreadedTaskDispatcher with 20 workers.
 -> (artifact id: 'ea8b10bc2faa578d156928aa11bcd7af') in 0.002974 seconds
Number of updated asset objects reloaded before import = 1
Number of asset objects unloaded after import = 5
========================================================================
Received Import Request.
  Time since last request: 7.470945 seconds.
  path: Assets/fire.vfx
  artifactKey: Guid(c300a1a4e66f85e4bb06503f9c55dc4e) Importer(815301076,1909f56bfc062723c751e8b465ee728b)
Start importing Assets/fire.vfx using Guid(c300a1a4e66f85e4bb06503f9c55dc4e) Importer(815301076,1909f56bfc062723c751e8b465ee728b) [PhysX] Initialized MultithreadedTaskDispatcher with 20 workers.
 -> (artifact id: 'c26da919b1fba70953dc3c2eacac95f0') in 0.002609 seconds
Number of updated asset objects reloaded before import = 1
Number of asset objects unloaded after import = 5
========================================================================
Received Import Request.
  Time since last request: 29.895633 seconds.
  path: Assets/fire.vfx
  artifactKey: Guid(c300a1a4e66f85e4bb06503f9c55dc4e) Importer(815301076,1909f56bfc062723c751e8b465ee728b)
Start importing Assets/fire.vfx using Guid(c300a1a4e66f85e4bb06503f9c55dc4e) Importer(815301076,1909f56bfc062723c751e8b465ee728b) [PhysX] Initialized MultithreadedTaskDispatcher with 20 workers.
 -> (artifact id: '15aeaa5d7dab9f32657be8d9f53d61e5') in 0.002051 seconds
Number of updated asset objects reloaded before import = 1
Number of asset objects unloaded after import = 5
========================================================================
Received Import Request.
  Time since last request: 1.309980 seconds.
  path: Assets/fire.vfx
  artifactKey: Guid(c300a1a4e66f85e4bb06503f9c55dc4e) Importer(815301076,1909f56bfc062723c751e8b465ee728b)
Start importing Assets/fire.vfx using Guid(c300a1a4e66f85e4bb06503f9c55dc4e) Importer(815301076,1909f56bfc062723c751e8b465ee728b) [PhysX] Initialized MultithreadedTaskDispatcher with 20 workers.
 -> (artifact id: '9643051a590731431eb9946e7b1f14a4') in 0.002960 seconds
Number of updated asset objects reloaded before import = 1
Number of asset objects unloaded after import = 5
========================================================================
Received Import Request.
  Time since last request: 27.629874 seconds.
  path: Assets/Fire.shadergraph
  artifactKey: Guid(7a4890146337f6440b8958ced499a78e) Importer(815301076,1909f56bfc062723c751e8b465ee728b)
Start importing Assets/Fire.shadergraph using Guid(7a4890146337f6440b8958ced499a78e) Importer(815301076,1909f56bfc062723c751e8b465ee728b) [PhysX] Initialized MultithreadedTaskDispatcher with 20 workers.
 -> (artifact id: '1c844f102e6ff7ce8908d9f69e49525f') in 0.001513 seconds
Number of updated asset objects reloaded before import = 1
Number of asset objects unloaded after import = 1
========================================================================
Received Import Request.
  Time since last request: 47.327872 seconds.
  path: Assets/Fire.shadergraph
  artifactKey: Guid(7a4890146337f6440b8958ced499a78e) Importer(815301076,1909f56bfc062723c751e8b465ee728b)
Start importing Assets/Fire.shadergraph using Guid(7a4890146337f6440b8958ced499a78e) Importer(815301076,1909f56bfc062723c751e8b465ee728b) [PhysX] Initialized MultithreadedTaskDispatcher with 20 workers.
 -> (artifact id: '47493984a0d09c90b0ac6e3706078fb5') in 0.001556 seconds
Number of updated asset objects reloaded before import = 1
Number of asset objects unloaded after import = 1
========================================================================
Received Import Request.
  Time since last request: 126.289299 seconds.
  path: Assets/fireimg.png
  artifactKey: Guid(bc1f2c1d15d1e4148a40d2d101aa7522) Importer(815301076,1909f56bfc062723c751e8b465ee728b)
Start importing Assets/fireimg.png using Guid(bc1f2c1d15d1e4148a40d2d101aa7522) Importer(815301076,1909f56bfc062723c751e8b465ee728b) [PhysX] Initialized MultithreadedTaskDispatcher with 20 workers.
[PhysX] Initialized MultithreadedTaskDispatcher with 20 workers.
 -> (artifact id: '7bb69e4b8de6c9ebd6edab4d8357977b') in 0.031731 seconds
Number of updated asset objects reloaded before import = 0
Number of asset objects unloaded after import = 2
========================================================================
Received Import Request.
  Time since last request: 25.222494 seconds.
  path: Assets/fire.vfx
  artifactKey: Guid(c300a1a4e66f85e4bb06503f9c55dc4e) Importer(815301076,1909f56bfc062723c751e8b465ee728b)
Start importing Assets/fire.vfx using Guid(c300a1a4e66f85e4bb06503f9c55dc4e) Importer(815301076,1909f56bfc062723c751e8b465ee728b) [PhysX] Initialized MultithreadedTaskDispatcher with 20 workers.
 -> (artifact id: 'bebcc28f871b4a91c21f294d30f7d60e') in 0.002191 seconds
Number of updated asset objects reloaded before import = 1
Number of asset objects unloaded after import = 5
========================================================================
Received Import Request.
  Time since last request: 251.822292 seconds.
  path: Assets/fire.vfx
  artifactKey: Guid(c300a1a4e66f85e4bb06503f9c55dc4e) Importer(815301076,1909f56bfc062723c751e8b465ee728b)
Start importing Assets/fire.vfx using Guid(c300a1a4e66f85e4bb06503f9c55dc4e) Importer(815301076,1909f56bfc062723c751e8b465ee728b) [PhysX] Initialized MultithreadedTaskDispatcher with 20 workers.
 -> (artifact id: '38053faa9ae5a972ffc5833c885f6293') in 0.004119 seconds
Number of updated asset objects reloaded before import = 1
Number of asset objects unloaded after import = 5
========================================================================
Received Import Request.
  Time since last request: 145.636089 seconds.
  path: Assets/Shader Graphs_FlameGlove.mat
  artifactKey: Guid(dba6d1eec085f9a44947b8a5abea8d6b) Importer(815301076,1909f56bfc062723c751e8b465ee728b)
Start importing Assets/Shader Graphs_FlameGlove.mat using Guid(dba6d1eec085f9a44947b8a5abea8d6b) Importer(815301076,1909f56bfc062723c751e8b465ee728b) [PhysX] Initialized MultithreadedTaskDispatcher with 20 workers.
[PhysX] Initialized MultithreadedTaskDispatcher with 20 workers.
 -> (artifact id: '432707fbd21e7b396147056ac5452069') in 0.992460 seconds
Number of updated asset objects reloaded before import = 1
Number of asset objects unloaded after import = 2
========================================================================
Received Import Request.
  Time since last request: 20.484043 seconds.
  path: Assets/Shader Graphs_FlameGlove.mat
  artifactKey: Guid(dba6d1eec085f9a44947b8a5abea8d6b) Importer(815301076,1909f56bfc062723c751e8b465ee728b)
Start importing Assets/Shader Graphs_FlameGlove.mat using Guid(dba6d1eec085f9a44947b8a5abea8d6b) Importer(815301076,1909f56bfc062723c751e8b465ee728b) [PhysX] Initialized MultithreadedTaskDispatcher with 20 workers.
[PhysX] Initialized MultithreadedTaskDispatcher with 20 workers.
 -> (artifact id: 'c4c4f6beefd58631c010560b3e90aa21') in 0.922846 seconds
Number of updated asset objects reloaded before import = 1
Number of asset objects unloaded after import = 2
========================================================================
Received Import Request.
  Time since last request: 4.199158 seconds.
  path: Assets/Shader Graphs_FlameGlove.mat
  artifactKey: Guid(dba6d1eec085f9a44947b8a5abea8d6b) Importer(815301076,1909f56bfc062723c751e8b465ee728b)
Start importing Assets/Shader Graphs_FlameGlove.mat using Guid(dba6d1eec085f9a44947b8a5abea8d6b) Importer(815301076,1909f56bfc062723c751e8b465ee728b) [PhysX] Initialized MultithreadedTaskDispatcher with 20 workers.
[PhysX] Initialized MultithreadedTaskDispatcher with 20 workers.
 -> (artifact id: '9b75cec5940add5b35a349ae123d5425') in 0.679856 seconds
Number of updated asset objects reloaded before import = 1
Number of asset objects unloaded after import = 2
========================================================================
Received Import Request.
  Time since last request: 12.728353 seconds.
  path: Assets/Shader Graphs_FlameGlove.mat
  artifactKey: Guid(dba6d1eec085f9a44947b8a5abea8d6b) Importer(815301076,1909f56bfc062723c751e8b465ee728b)
Start importing Assets/Shader Graphs_FlameGlove.mat using Guid(dba6d1eec085f9a44947b8a5abea8d6b) Importer(815301076,1909f56bfc062723c751e8b465ee728b) [PhysX] Initialized MultithreadedTaskDispatcher with 20 workers.
[PhysX] Initialized MultithreadedTaskDispatcher with 20 workers.
 -> (artifact id: 'a61069f7a005a15233ccbdfc4ffb0fdf') in 0.908597 seconds
Number of updated asset objects reloaded before import = 1
Number of asset objects unloaded after import = 2
========================================================================
Received Import Request.
  Time since last request: 423.372624 seconds.
  path: Assets/fire.vfx
  artifactKey: Guid(c300a1a4e66f85e4bb06503f9c55dc4e) Importer(815301076,1909f56bfc062723c751e8b465ee728b)
Start importing Assets/fire.vfx using Guid(c300a1a4e66f85e4bb06503f9c55dc4e) Importer(815301076,1909f56bfc062723c751e8b465ee728b) [PhysX] Initialized MultithreadedTaskDispatcher with 20 workers.
 -> (artifact id: '2f83427737d8fa896b17f44ed4b4c308') in 0.004224 seconds
Number of updated asset objects reloaded before import = 2
Number of asset objects unloaded after import = 5
========================================================================
Received Import Request.
  Time since last request: 2.681958 seconds.
  path: Assets/fire.vfx
  artifactKey: Guid(c300a1a4e66f85e4bb06503f9c55dc4e) Importer(815301076,1909f56bfc062723c751e8b465ee728b)
Start importing Assets/fire.vfx using Guid(c300a1a4e66f85e4bb06503f9c55dc4e) Importer(815301076,1909f56bfc062723c751e8b465ee728b) [PhysX] Initialized MultithreadedTaskDispatcher with 20 workers.
 -> (artifact id: '348212cc19a097a43f0583af1760f0b8') in 0.002271 seconds
Number of updated asset objects reloaded before import = 1
Number of asset objects unloaded after import = 5
========================================================================
Received Import Request.
  Time since last request: 7.262240 seconds.
  path: Assets/fire.vfx
  artifactKey: Guid(c300a1a4e66f85e4bb06503f9c55dc4e) Importer(815301076,1909f56bfc062723c751e8b465ee728b)
Start importing Assets/fire.vfx using Guid(c300a1a4e66f85e4bb06503f9c55dc4e) Importer(815301076,1909f56bfc062723c751e8b465ee728b) [PhysX] Initialized MultithreadedTaskDispatcher with 20 workers.
 -> (artifact id: '6e4044bf8666d9ab86c268aad416188c') in 0.002307 seconds
Number of updated asset objects reloaded before import = 1
Number of asset objects unloaded after import = 5
========================================================================
Received Import Request.
  Time since last request: 11.019057 seconds.
  path: Assets/fire.vfx
  artifactKey: Guid(c300a1a4e66f85e4bb06503f9c55dc4e) Importer(815301076,1909f56bfc062723c751e8b465ee728b)
Start importing Assets/fire.vfx using Guid(c300a1a4e66f85e4bb06503f9c55dc4e) Importer(815301076,1909f56bfc062723c751e8b465ee728b) [PhysX] Initialized MultithreadedTaskDispatcher with 20 workers.
 -> (artifact id: 'b8ad62754e9e98e5ba2707ec53ca6b6e') in 0.002031 seconds
Number of updated asset objects reloaded before import = 1
Number of asset objects unloaded after import = 5
========================================================================
Received Import Request.
  Time since last request: 2.239973 seconds.
  path: Assets/fire.vfx
  artifactKey: Guid(c300a1a4e66f85e4bb06503f9c55dc4e) Importer(815301076,1909f56bfc062723c751e8b465ee728b)
Start importing Assets/fire.vfx using Guid(c300a1a4e66f85e4bb06503f9c55dc4e) Importer(815301076,1909f56bfc062723c751e8b465ee728b) [PhysX] Initialized MultithreadedTaskDispatcher with 20 workers.
 -> (artifact id: '22aec964c289728d36a636ba3efce2f8') in 0.002482 seconds
Number of updated asset objects reloaded before import = 1
Number of asset objects unloaded after import = 5
========================================================================
Received Import Request.
  Time since last request: 8.676940 seconds.
  path: Assets/Shader Graphs_FlameGlove.mat
  artifactKey: Guid(dba6d1eec085f9a44947b8a5abea8d6b) Importer(815301076,1909f56bfc062723c751e8b465ee728b)
Start importing Assets/Shader Graphs_FlameGlove.mat using Guid(dba6d1eec085f9a44947b8a5abea8d6b) Importer(815301076,1909f56bfc062723c751e8b465ee728b) [PhysX] Initialized MultithreadedTaskDispatcher with 20 workers.
[PhysX] Initialized MultithreadedTaskDispatcher with 20 workers.
 -> (artifact id: '60250619e278013be38514c33a854e8d') in 0.725639 seconds
Number of updated asset objects reloaded before import = 1
Number of asset objects unloaded after import = 2
========================================================================
Received Import Request.
  Time since last request: 29.201808 seconds.
  path: Assets/fire.vfx
  artifactKey: Guid(c300a1a4e66f85e4bb06503f9c55dc4e) Importer(815301076,1909f56bfc062723c751e8b465ee728b)
Start importing Assets/fire.vfx using Guid(c300a1a4e66f85e4bb06503f9c55dc4e) Importer(815301076,1909f56bfc062723c751e8b465ee728b) [PhysX] Initialized MultithreadedTaskDispatcher with 20 workers.
 -> (artifact id: 'adced41d75335a494bb6c154bfb363e4') in 0.001828 seconds
Number of updated asset objects reloaded before import = 1
Number of asset objects unloaded after import = 5
========================================================================
Received Import Request.
  Time since last request: 26.670660 seconds.
  path: Assets/fire.vfx
  artifactKey: Guid(c300a1a4e66f85e4bb06503f9c55dc4e) Importer(815301076,1909f56bfc062723c751e8b465ee728b)
Start importing Assets/fire.vfx using Guid(c300a1a4e66f85e4bb06503f9c55dc4e) Importer(815301076,1909f56bfc062723c751e8b465ee728b) [PhysX] Initialized MultithreadedTaskDispatcher with 20 workers.
 -> (artifact id: 'a8052d39821ea35f0794ca71170c9205') in 0.002131 seconds
Number of updated asset objects reloaded before import = 1
Number of asset objects unloaded after import = 5
========================================================================
Received Import Request.
  Time since last request: 17.507045 seconds.
  path: Assets/fire 1.vfx
  artifactKey: Guid(f89521da4a1ebae43964db3366777130) Importer(815301076,1909f56bfc062723c751e8b465ee728b)
Start importing Assets/fire 1.vfx using Guid(f89521da4a1ebae43964db3366777130) Importer(815301076,1909f56bfc062723c751e8b465ee728b) [PhysX] Initialized MultithreadedTaskDispatcher with 20 workers.
 -> (artifact id: 'fa2a1c140d1a10af4750909dad398cef') in 0.003095 seconds
Number of updated asset objects reloaded before import = 0
Number of asset objects unloaded after import = 6
========================================================================
Received Import Request.
  Time since last request: 5.526824 seconds.
  path: Assets/Ice.vfx
  artifactKey: Guid(f89521da4a1ebae43964db3366777130) Importer(815301076,1909f56bfc062723c751e8b465ee728b)
Start importing Assets/Ice.vfx using Guid(f89521da4a1ebae43964db3366777130) Importer(815301076,1909f56bfc062723c751e8b465ee728b) [PhysX] Initialized MultithreadedTaskDispatcher with 20 workers.
 -> (artifact id: '5803b3fd199342f113c4e49a36510c57') in 0.003635 seconds
Number of updated asset objects reloaded before import = 0
Number of asset objects unloaded after import = 6
========================================================================
Received Import Request.
  Time since last request: 153.820537 seconds.
  path: Assets/Ice.vfx
  artifactKey: Guid(f89521da4a1ebae43964db3366777130) Importer(815301076,1909f56bfc062723c751e8b465ee728b)
Start importing Assets/Ice.vfx using Guid(f89521da4a1ebae43964db3366777130) Importer(815301076,1909f56bfc062723c751e8b465ee728b) [PhysX] Initialized MultithreadedTaskDispatcher with 20 workers.
 -> (artifact id: 'aece1d8fca6dd9b8965a254f65e5b1ab') in 0.003307 seconds
Number of updated asset objects reloaded before import = 0
Number of asset objects unloaded after import = 6
========================================================================
Received Import Request.
  Time since last request: 26.710351 seconds.
  path: Assets/Ice.vfx
  artifactKey: Guid(f89521da4a1ebae43964db3366777130) Importer(815301076,1909f56bfc062723c751e8b465ee728b)
Start importing Assets/Ice.vfx using Guid(f89521da4a1ebae43964db3366777130) Importer(815301076,1909f56bfc062723c751e8b465ee728b) [PhysX] Initialized MultithreadedTaskDispatcher with 20 workers.
 -> (artifact id: '6129e9e15d0c2023d0a4a81e11d107bb') in 0.004658 seconds
Number of updated asset objects reloaded before import = 0
Number of asset objects unloaded after import = 6
========================================================================
Received Import Request.
  Time since last request: 218.031136 seconds.
  path: Assets/electricimg.png
  artifactKey: Guid(6eabc4f1e78ff8942a0e121572010984) Importer(815301076,1909f56bfc062723c751e8b465ee728b)
Start importing Assets/electricimg.png using Guid(6eabc4f1e78ff8942a0e121572010984) Importer(815301076,1909f56bfc062723c751e8b465ee728b) [PhysX] Initialized MultithreadedTaskDispatcher with 20 workers.
[PhysX] Initialized MultithreadedTaskDispatcher with 20 workers.
 -> (artifact id: '7f2faae2d6c58f82340990a0540c0330') in 0.016850 seconds
Number of updated asset objects reloaded before import = 0
Number of asset objects unloaded after import = 2
========================================================================
Received Import Request.
  Time since last request: 35.474935 seconds.
  path: Assets/Ice 1.vfx
  artifactKey: Guid(b386c49a9f38a5f4d8f8a95820049291) Importer(815301076,1909f56bfc062723c751e8b465ee728b)
Start importing Assets/Ice 1.vfx using Guid(b386c49a9f38a5f4d8f8a95820049291) Importer(815301076,1909f56bfc062723c751e8b465ee728b) [PhysX] Initialized MultithreadedTaskDispatcher with 20 workers.
 -> (artifact id: 'c49c64d2a72cfe3ad8d887c399a70f20') in 0.004288 seconds
Number of updated asset objects reloaded before import = 0
Number of asset objects unloaded after import = 6
========================================================================
Received Import Request.
  Time since last request: 6.236010 seconds.
  path: Assets/electricity.vfx
  artifactKey: Guid(b386c49a9f38a5f4d8f8a95820049291) Importer(815301076,1909f56bfc062723c751e8b465ee728b)
Start importing Assets/electricity.vfx using Guid(b386c49a9f38a5f4d8f8a95820049291) Importer(815301076,1909f56bfc062723c751e8b465ee728b) [PhysX] Initialized MultithreadedTaskDispatcher with 20 workers.
 -> (artifact id: 'fdcbfffc15284fcecb3d76af76f06fd0') in 0.003198 seconds
Number of updated asset objects reloaded before import = 0
Number of asset objects unloaded after import = 6
========================================================================
Received Import Request.
  Time since last request: 51.694147 seconds.
  path: Assets/electricity.vfx
  artifactKey: Guid(b386c49a9f38a5f4d8f8a95820049291) Importer(815301076,1909f56bfc062723c751e8b465ee728b)
Start importing Assets/electricity.vfx using Guid(b386c49a9f38a5f4d8f8a95820049291) Importer(815301076,1909f56bfc062723c751e8b465ee728b) [PhysX] Initialized MultithreadedTaskDispatcher with 20 workers.
 -> (artifact id: '04c4d367ebfc7b1f506107bc8d20d209') in 0.003690 seconds
Number of updated asset objects reloaded before import = 0
Number of asset objects unloaded after import = 6
========================================================================
Received Import Request.
  Time since last request: 193.953024 seconds.
  path: Assets/electricity.vfx
  artifactKey: Guid(b386c49a9f38a5f4d8f8a95820049291) Importer(815301076,1909f56bfc062723c751e8b465ee728b)
Start importing Assets/electricity.vfx using Guid(b386c49a9f38a5f4d8f8a95820049291) Importer(815301076,1909f56bfc062723c751e8b465ee728b) [PhysX] Initialized MultithreadedTaskDispatcher with 20 workers.
 -> (artifact id: 'c91f0df27c294fd9a50a7ac4dc997d06') in 0.004476 seconds
Number of updated asset objects reloaded before import = 0
Number of asset objects unloaded after import = 6
========================================================================
Received Import Request.
  Time since last request: 4.490456 seconds.
  path: Assets/electricity.vfx
  artifactKey: Guid(b386c49a9f38a5f4d8f8a95820049291) Importer(815301076,1909f56bfc062723c751e8b465ee728b)
Start importing Assets/electricity.vfx using Guid(b386c49a9f38a5f4d8f8a95820049291) Importer(815301076,1909f56bfc062723c751e8b465ee728b) [PhysX] Initialized MultithreadedTaskDispatcher with 20 workers.
 -> (artifact id: '46fab29fbd8d227b6806f768742e1852') in 0.002939 seconds
Number of updated asset objects reloaded before import = 0
Number of asset objects unloaded after import = 6
========================================================================
Received Import Request.
  Time since last request: 14.706256 seconds.
  path: Assets/electricity.vfx
  artifactKey: Guid(b386c49a9f38a5f4d8f8a95820049291) Importer(815301076,1909f56bfc062723c751e8b465ee728b)
Start importing Assets/electricity.vfx using Guid(b386c49a9f38a5f4d8f8a95820049291) Importer(815301076,1909f56bfc062723c751e8b465ee728b) [PhysX] Initialized MultithreadedTaskDispatcher with 20 workers.
 -> (artifact id: '0acaba11d2dde4be58c22be1f67cfa1d') in 0.002788 seconds
Number of updated asset objects reloaded before import = 0
Number of asset objects unloaded after import = 6
========================================================================
Received Import Request.
  Time since last request: 99.925116 seconds.
  path: Assets/electricity.vfx
  artifactKey: Guid(b386c49a9f38a5f4d8f8a95820049291) Importer(815301076,1909f56bfc062723c751e8b465ee728b)
Start importing Assets/electricity.vfx using Guid(b386c49a9f38a5f4d8f8a95820049291) Importer(815301076,1909f56bfc062723c751e8b465ee728b) [PhysX] Initialized MultithreadedTaskDispatcher with 20 workers.
 -> (artifact id: '7ceb019b4cc0b674f3ab3800a5f4cc6a') in 0.002663 seconds
Number of updated asset objects reloaded before import = 0
Number of asset objects unloaded after import = 6
========================================================================
Received Import Request.
  Time since last request: 5.803840 seconds.
  path: Assets/electricity.vfx
  artifactKey: Guid(b386c49a9f38a5f4d8f8a95820049291) Importer(815301076,1909f56bfc062723c751e8b465ee728b)
Start importing Assets/electricity.vfx using Guid(b386c49a9f38a5f4d8f8a95820049291) Importer(815301076,1909f56bfc062723c751e8b465ee728b) [PhysX] Initialized MultithreadedTaskDispatcher with 20 workers.
 -> (artifact id: '2bb4148b7639bd7783b98196685fc374') in 0.002564 seconds
Number of updated asset objects reloaded before import = 0
Number of asset objects unloaded after import = 6
========================================================================
Received Import Request.
  Time since last request: 162.026399 seconds.
  path: Assets/electricity.vfx
  artifactKey: Guid(b386c49a9f38a5f4d8f8a95820049291) Importer(815301076,1909f56bfc062723c751e8b465ee728b)
Start importing Assets/electricity.vfx using Guid(b386c49a9f38a5f4d8f8a95820049291) Importer(815301076,1909f56bfc062723c751e8b465ee728b) [PhysX] Initialized MultithreadedTaskDispatcher with 20 workers.
 -> (artifact id: '29e58ae6ea13e553ceb7df125342ea93') in 0.004179 seconds
Number of updated asset objects reloaded before import = 0
Number of asset objects unloaded after import = 6
========================================================================
Received Import Request.
  Time since last request: 71.070423 seconds.
  path: Assets/BaseVfxShaderGraph.shadergraph
  artifactKey: Guid(7a4890146337f6440b8958ced499a78e) Importer(815301076,1909f56bfc062723c751e8b465ee728b)
Start importing Assets/BaseVfxShaderGraph.shadergraph using Guid(7a4890146337f6440b8958ced499a78e) Importer(815301076,1909f56bfc062723c751e8b465ee728b) [PhysX] Initialized MultithreadedTaskDispatcher with 20 workers.
 -> (artifact id: 'bb9a21448480f3f6108284165f04d352') in 0.001190 seconds
Number of updated asset objects reloaded before import = 1
Number of asset objects unloaded after import = 1
========================================================================
Received Import Request.
  Time since last request: 31.354715 seconds.
  path: Assets/electricity.vfx
  artifactKey: Guid(b386c49a9f38a5f4d8f8a95820049291) Importer(815301076,1909f56bfc062723c751e8b465ee728b)
Start importing Assets/electricity.vfx using Guid(b386c49a9f38a5f4d8f8a95820049291) Importer(815301076,1909f56bfc062723c751e8b465ee728b) [PhysX] Initialized MultithreadedTaskDispatcher with 20 workers.
 -> (artifact id: 'd59028efad49fae99cbc66cffaad77e5') in 0.003884 seconds
Number of updated asset objects reloaded before import = 0
Number of asset objects unloaded after import = 6
========================================================================
Received Import Request.
  Time since last request: 158.535521 seconds.
  path: Assets/fire.vfx
  artifactKey: Guid(c300a1a4e66f85e4bb06503f9c55dc4e) Importer(815301076,1909f56bfc062723c751e8b465ee728b)
Start importing Assets/fire.vfx using Guid(c300a1a4e66f85e4bb06503f9c55dc4e) Importer(815301076,1909f56bfc062723c751e8b465ee728b) [PhysX] Initialized MultithreadedTaskDispatcher with 20 workers.
 -> (artifact id: '6cc4b5d33bf6e62d8c61029283430279') in 0.003622 seconds
Number of updated asset objects reloaded before import = 0
Number of asset objects unloaded after import = 5
========================================================================
Received Import Request.
  Time since last request: 25.993776 seconds.
  path: Assets/fire.vfx
  artifactKey: Guid(c300a1a4e66f85e4bb06503f9c55dc4e) Importer(815301076,1909f56bfc062723c751e8b465ee728b)
Start importing Assets/fire.vfx using Guid(c300a1a4e66f85e4bb06503f9c55dc4e) Importer(815301076,1909f56bfc062723c751e8b465ee728b) [PhysX] Initialized MultithreadedTaskDispatcher with 20 workers.
 -> (artifact id: '7b61548ad60e0f357484ffd7d3a1de9c') in 0.002887 seconds
Number of updated asset objects reloaded before import = 1
Number of asset objects unloaded after import = 5
========================================================================
Received Import Request.
  Time since last request: 8.535478 seconds.
  path: Assets/fire.vfx
  artifactKey: Guid(c300a1a4e66f85e4bb06503f9c55dc4e) Importer(815301076,1909f56bfc062723c751e8b465ee728b)
Start importing Assets/fire.vfx using Guid(c300a1a4e66f85e4bb06503f9c55dc4e) Importer(815301076,1909f56bfc062723c751e8b465ee728b) [PhysX] Initialized MultithreadedTaskDispatcher with 20 workers.
 -> (artifact id: '1a473484d0ac41d20436eb2bdf5062ee') in 0.002126 seconds
Number of updated asset objects reloaded before import = 1
Number of asset objects unloaded after import = 5
========================================================================
Received Import Request.
  Time since last request: 61.115797 seconds.
  path: Assets/fire.vfx
  artifactKey: Guid(c300a1a4e66f85e4bb06503f9c55dc4e) Importer(815301076,1909f56bfc062723c751e8b465ee728b)
Start importing Assets/fire.vfx using Guid(c300a1a4e66f85e4bb06503f9c55dc4e) Importer(815301076,1909f56bfc062723c751e8b465ee728b) [PhysX] Initialized MultithreadedTaskDispatcher with 20 workers.
 -> (artifact id: '5535021a59ac028c26bf01145a3cca57') in 0.002294 seconds
Number of updated asset objects reloaded before import = 1
Number of asset objects unloaded after import = 5
========================================================================
Received Import Request.
  Time since last request: 4.320493 seconds.
  path: Assets/fire.vfx
  artifactKey: Guid(c300a1a4e66f85e4bb06503f9c55dc4e) Importer(815301076,1909f56bfc062723c751e8b465ee728b)
Start importing Assets/fire.vfx using Guid(c300a1a4e66f85e4bb06503f9c55dc4e) Importer(815301076,1909f56bfc062723c751e8b465ee728b) [PhysX] Initialized MultithreadedTaskDispatcher with 20 workers.
 -> (artifact id: '7b54208238ccdc96139367bb4500119c') in 0.002024 seconds
Number of updated asset objects reloaded before import = 1
Number of asset objects unloaded after import = 5
========================================================================
Received Import Request.
  Time since last request: 634.238589 seconds.
  path: Assets/FlameGlove.shadergraph
  artifactKey: Guid(711920e99ec09704e944aa86c20897ee) Importer(815301076,1909f56bfc062723c751e8b465ee728b)
Start importing Assets/FlameGlove.shadergraph using Guid(711920e99ec09704e944aa86c20897ee) Importer(815301076,1909f56bfc062723c751e8b465ee728b) [PhysX] Initialized MultithreadedTaskDispatcher with 20 workers.
[PhysX] Initialized MultithreadedTaskDispatcher with 20 workers.
 -> (artifact id: '291f7325d7b4693003154f4f2e12d2b2') in 0.033354 seconds
Number of updated asset objects reloaded before import = 1
Number of asset objects unloaded after import = 2
========================================================================
Received Import Request.
  Time since last request: 6.026478 seconds.
  path: Assets/Shader Graphs_FlameGlove.mat
  artifactKey: Guid(dba6d1eec085f9a44947b8a5abea8d6b) Importer(815301076,1909f56bfc062723c751e8b465ee728b)
Start importing Assets/Shader Graphs_FlameGlove.mat using Guid(dba6d1eec085f9a44947b8a5abea8d6b) Importer(815301076,1909f56bfc062723c751e8b465ee728b) [PhysX] Initialized MultithreadedTaskDispatcher with 20 workers.
[PhysX] Initialized MultithreadedTaskDispatcher with 20 workers.
 -> (artifact id: '18fd2ee79ba6e062df1d1f9fa58a3ddb') in 0.776159 seconds
Number of updated asset objects reloaded before import = 1
Number of asset objects unloaded after import = 2
========================================================================
Received Prepare
Refreshing native plugins compatible for Editor in 13.29 ms, found 3 plugins.
Preloading 0 native plugins for Editor in 0.00 ms.
Unloading 3 Unused Serialized files (Serialized files now loaded: 0)
Unloading 3 unused Assets / (1.2 MB). Loaded Objects now: 6121.
Memory consumption went from 109.3 MB to 108.2 MB.
Total: 48.351900 ms (FindLiveObjects: 0.522900 ms CreateObjectMapping: 0.268900 ms MarkObjects: 47.335700 ms  DeleteObjects: 0.222000 ms)


=================================================================
	Native Crash Reporting
=================================================================
Got a UNKNOWN while executing native code. This usually indicates
a fatal error in the mono runtime or one of the native libraries 
used by your application.
=================================================================

=================================================================
	Managed Stacktrace:
=================================================================
=================================================================
Received signal SIGSEGV
Obtained 27 stack frames
0x00007ff7989beb53 (Unity) keywords::KeywordRemap::Init
0x00007ff7989c261a (Unity) ShaderLab::IntShader::CreateKeywordRemap
0x00007ff7989c5035 (Unity) ShaderLab::IntShader::ResolveFallback
0x00007ff79899334f (Unity) ShaderFromSerializedShaderMainThread
0x00007ff79a417cd0 (Unity) Shader::CreateFromParsedForm
0x00007ff79a416b30 (Unity) Shader::AwakeFromLoad
0x00007ff798cc99dd (Unity) AwakeFromLoadQueue::InvokePersistentManagerAwake
0x00007ff798cca9b1 (Unity) AwakeFromLoadQueue::PersistentManagerSingleQueueAwakeFromLoad
0x00007ff798cca620 (Unity) AwakeFromLoadQueue::PersistentManagerAwakeFromLoad_NoChecks
0x00007ff798c9ca0f (Unity) PersistentManager::IntegrateAllThreadedObjects
0x00007ff798c9d210 (Unity) PersistentManager::LoadAndIntegrateAllPreallocatedObjects
0x00007ff798c9e0fb (Unity) PersistentManager::LoadObjects
0x00007ff79a0cd820 (Unity) ReloadAssetIfLoaded
0x00007ff79a094e36 (Unity) ReloadUpdatedAssets
0x00007ff79a0888be (Unity) <lambda_b37b41f03089e3cb3f55061bbc93253d>::operator()
0x00007ff79a0c4002 (Unity) asio::detail::completion_handler<core::mutable_function<void __cdecl(void)>,asio::io_context::basic_executor_type<std::allocator<void>,0> >::do_complete
0x00007ff79a0affae (Unity) asio::detail::win_iocp_io_context::do_one
0x00007ff79a0b1c14 (Unity) asio::detail::win_iocp_io_context::run
0x00007ff79a0c23ac (Unity) IOService::Run
0x00007ff79a09582f (Unity) AssetImportWorkerClient::Run
0x00007ff79a061197 (Unity) RunAssetImportWorkerClientV2
0x00007ff79a06121b (Unity) RunAssetImporterV2
0x00007ff79985aa4e (Unity) Application::InitializeProject
0x00007ff799cedb45 (Unity) WinMain
0x00007ff79b09f93e (Unity) __scrt_common_main_seh
0x00007fff6e68257d (KERNEL32) BaseThreadInitThunk
0x00007fff6ff8af28 (ntdll) RtlUserThreadStart

